
/home/runner/work/exp-a-algorithm-au/exp-a-algorithm-au/experiment/simulation/js/index.dde9783a.js
     57:7   warning  'global' is not defined                                                    no-undef
    146:28  warning  Do not access Object.prototype method 'hasOwnProperty' from target object  no-prototype-builtins
    355:13  warning  Do not access Object.prototype method 'hasOwnProperty' from target object  no-prototype-builtins
    536:37  warning  'setImmediate' is not defined                                              no-undef
    795:5   warning  Unexpected combined character in character class                           no-misleading-character-class
    892:12  warning  Unnecessary escape character: \-                                           no-useless-escape
    928:14  warning  Do not access Object.prototype method 'hasOwnProperty' from target object  no-prototype-builtins
   1062:11  warning  Expected a conditional expression and instead saw an assignment            no-cond-assign
   1127:17  warning  Empty block statement                                                      no-empty
   1211:8   warning  Do not access Object.prototype method 'hasOwnProperty' from target object  no-prototype-builtins
   1304:5   warning  Do not access Object.prototype method 'hasOwnProperty' from target object  no-prototype-builtins
   1306:9   warning  Do not access Object.prototype method 'hasOwnProperty' from target object  no-prototype-builtins
   1312:9   warning  Do not access Object.prototype method 'hasOwnProperty' from target object  no-prototype-builtins
   1312:38  warning  Do not access Object.prototype method 'hasOwnProperty' from target object  no-prototype-builtins
   1342:14  warning  Do not access Object.prototype method 'hasOwnProperty' from target object  no-prototype-builtins
   1411:34  warning  'MSApp' is not defined                                                     no-undef
   1413:11  warning  'MSApp' is not defined                                                     no-undef
   1497:51  warning  Do not access Object.prototype method 'hasOwnProperty' from target object  no-prototype-builtins
   1504:11  warning  Do not access Object.prototype method 'hasOwnProperty' from target object  no-prototype-builtins
   1643:7   warning  Expected to return a value in method 'get'                                 getter-return
   1652:22  warning  'r' is defined but never used                                              no-unused-vars
   1652:25  warning  'i' is defined but never used                                              no-unused-vars
   1652:28  warning  'o' is defined but never used                                              no-unused-vars
   1652:31  warning  'l' is defined but never used                                              no-unused-vars
   1652:34  warning  'a' is defined but never used                                              no-unused-vars
   1652:37  warning  'u' is defined but never used                                              no-unused-vars
   1669:13  warning  'e' is defined but never used                                              no-unused-vars
   1669:16  warning  't' is defined but never used                                              no-unused-vars
   1669:19  warning  'n' is defined but never used                                              no-unused-vars
   1669:22  warning  'r' is defined but never used                                              no-unused-vars
   1669:25  warning  'i' is defined but never used                                              no-unused-vars
   1669:28  warning  'o' is defined but never used                                              no-unused-vars
   1669:31  warning  'l' is defined but never used                                              no-unused-vars
   1669:34  warning  'a' is defined but never used                                              no-unused-vars
   1669:37  warning  'u' is defined but never used                                              no-unused-vars
   1672:13  warning  'e' is defined but never used                                              no-unused-vars
   1672:16  warning  't' is defined but never used                                              no-unused-vars
   1672:19  warning  'n' is defined but never used                                              no-unused-vars
   1672:22  warning  'r' is defined but never used                                              no-unused-vars
   1672:25  warning  'i' is defined but never used                                              no-unused-vars
   1672:28  warning  'o' is defined but never used                                              no-unused-vars
   1672:31  warning  'l' is defined but never used                                              no-unused-vars
   1672:34  warning  'a' is defined but never used                                              no-unused-vars
   1672:37  warning  'u' is defined but never used                                              no-unused-vars
   1793:13  warning  Empty block statement                                                      no-empty
   2328:9   warning  Do not access Object.prototype method 'hasOwnProperty' from target object  no-prototype-builtins
   2347:39  warning  Invalid typeof comparison value                                            valid-typeof
   2355:40  warning  Invalid typeof comparison value                                            valid-typeof
   2490:56  warning  Expected a conditional expression and instead saw an assignment            no-cond-assign
   2908:22  warning  Do not access Object.prototype method 'hasOwnProperty' from target object  no-prototype-builtins
   3092:11  warning  Expected a 'break' statement before 'case'                                 no-fallthrough
   3108:11  warning  Expected a 'break' statement before 'case'                                 no-fallthrough
   3200:18  warning  Expected a conditional expression and instead saw an assignment            no-cond-assign
   3300:9   warning  Expected a 'break' statement before 'case'                                 no-fallthrough
   3388:8   warning  Unexpected control character(s) in regular expression: \x00                no-control-regex
   3994:13  warning  Expected a 'break' statement before 'case'                                 no-fallthrough
   4031:14  warning  Unexpected constant condition                                              no-constant-condition
   4069:13  warning  Expected a conditional expression and instead saw an assignment            no-cond-assign
   4122:15  warning  Expected a conditional expression and instead saw an assignment            no-cond-assign
   4534:12  warning  Expected a conditional expression and instead saw an assignment            no-cond-assign
   4977:15  warning  Empty block statement                                                      no-empty
   4978:17  warning  Empty block statement                                                      no-empty
   5428:12  warning  Expected a conditional expression and instead saw an assignment            no-cond-assign
   5472:10  warning  Expected a conditional expression and instead saw an assignment            no-cond-assign
   5932:14  warning  Do not access Object.prototype method 'hasOwnProperty' from target object  no-prototype-builtins
   5932:37  warning  Do not access Object.prototype method 'hasOwnProperty' from target object  no-prototype-builtins
   5935:26  warning  Do not access Object.prototype method 'hasOwnProperty' from target object  no-prototype-builtins
   5942:17  warning  Do not access Object.prototype method 'hasOwnProperty' from target object  no-prototype-builtins
   5949:11  warning  Do not access Object.prototype method 'hasOwnProperty' from target object  no-prototype-builtins
   5954:18  warning  Do not access Object.prototype method 'hasOwnProperty' from target object  no-prototype-builtins
   5955:25  warning  Do not access Object.prototype method 'hasOwnProperty' from target object  no-prototype-builtins
   5958:17  warning  Do not access Object.prototype method 'hasOwnProperty' from target object  no-prototype-builtins
   5972:19  warning  Do not access Object.prototype method 'hasOwnProperty' from target object  no-prototype-builtins
   6110:19  warning  Do not access Object.prototype method 'hasOwnProperty' from target object  no-prototype-builtins
   6123:22  warning  Do not access Object.prototype method 'hasOwnProperty' from target object  no-prototype-builtins
   6208:21  warning  Do not access Object.prototype method 'hasOwnProperty' from target object  no-prototype-builtins
   6221:25  warning  Do not access Object.prototype method 'hasOwnProperty' from target object  no-prototype-builtins
   6736:13  warning  Empty block statement                                                      no-empty
   6740:5   warning  Expected a 'break' statement before 'case'                                 no-fallthrough
   7048:40  warning  Do not access Object.prototype method 'hasOwnProperty' from target object  no-prototype-builtins
   7127:16  warning  't' is defined but never used                                              no-unused-vars
   7127:19  warning  'n' is defined but never used                                              no-unused-vars
   7130:16  warning  't' is defined but never used                                              no-unused-vars
   7130:19  warning  'n' is defined but never used                                              no-unused-vars
   7446:12  warning  Unexpected constant condition                                              no-constant-condition
   7797:12  warning  Unexpected constant condition                                              no-constant-condition
   7821:10  warning  Unexpected constant condition                                              no-constant-condition
   8052:19  warning  Empty block statement                                                      no-empty
   8877:1   warning  'Fp' is a function                                                         no-func-assign
   8878:1   warning  '$p' is a function                                                         no-func-assign
   8913:12  warning  '__REACT_DEVTOOLS_GLOBAL_HOOK__' is not defined                            no-undef
   8917:13  warning  Empty block statement                                                      no-empty
   9010:16  warning  '__REACT_DEVTOOLS_GLOBAL_HOOK__' is not defined                            no-undef
   9014:9   warning  '__REACT_DEVTOOLS_GLOBAL_HOOK__' is not defined                            no-undef
   9034:6   warning  'Le' is a function                                                         no-func-assign
   9423:13  warning  Empty block statement                                                      no-empty
  10583:16  warning  'o' is assigned a value but never used                                     no-unused-vars
  10711:37  warning  Do not access Object.prototype method 'hasOwnProperty' from target object  no-prototype-builtins
  10743:6   warning  'Bs' is a function                                                         no-func-assign
  10761:19  warning  'n' is defined but never used                                              no-unused-vars
  10791:19  warning  'n' is defined but never used                                              no-unused-vars
  10799:3   warning  'Gw' is assigned a value but never used                                    no-unused-vars
  10818:13  warning  'e' is defined but never used                                              no-unused-vars
  10864:6   warning  'Ws' is a function                                                         no-func-assign
  11073:17  warning  Do not access Object.prototype method 'hasOwnProperty' from target object  no-prototype-builtins
  11109:17  warning  Do not access Object.prototype method 'hasOwnProperty' from target object  no-prototype-builtins
  11113:17  warning  Do not access Object.prototype method 'hasOwnProperty' from target object  no-prototype-builtins
  11143:8   warning  Do not access Object.prototype method 'hasOwnProperty' from target object  no-prototype-builtins
  11288:6   warning  Expected a conditional expression and instead saw an assignment            no-cond-assign
  11305:8   warning  Expected a conditional expression and instead saw an assignment            no-cond-assign
  11436:14  warning  't' is assigned a value but never used                                     no-unused-vars
  11733:9   warning  Redundant double negation                                                  no-extra-boolean-cast
  12017:9   warning  Redundant double negation                                                  no-extra-boolean-cast
  12087:13  warning  Expected a 'break' statement before 'case'                                 no-fallthrough
  12343:6   warning  Expected a conditional expression and instead saw an assignment            no-cond-assign
  12370:10  warning  Expected a conditional expression and instead saw an assignment            no-cond-assign
  12372:10  warning  Expected a conditional expression and instead saw an assignment            no-cond-assign
  12374:10  warning  Expected a conditional expression and instead saw an assignment            no-cond-assign
  12376:10  warning  Expected a conditional expression and instead saw an assignment            no-cond-assign
  12378:10  warning  Expected a conditional expression and instead saw an assignment            no-cond-assign
  12380:10  warning  Expected a conditional expression and instead saw an assignment            no-cond-assign
  12382:12  warning  Do not access Object.prototype method 'hasOwnProperty' from target object  no-prototype-builtins
  12728:12  warning  Expected a conditional expression and instead saw an assignment            no-cond-assign
  12781:63  warning  'WebKitCSSMatrix' is not defined                                           no-undef
  13104:7   warning  Redundant double negation                                                  no-extra-boolean-cast
  13187:10  warning  Expected a conditional expression and instead saw an assignment            no-cond-assign
  13747:9   warning  Expected a conditional expression and instead saw an assignment            no-cond-assign
  13748:8   warning  Expected a conditional expression and instead saw an assignment            no-cond-assign
  13761:8   warning  Expected a conditional expression and instead saw an assignment            no-cond-assign
  13762:8   warning  Expected a conditional expression and instead saw an assignment            no-cond-assign
  13936:11  warning  Expected a conditional expression and instead saw an assignment            no-cond-assign
  13937:10  warning  Expected a conditional expression and instead saw an assignment            no-cond-assign
  14144:9   warning  Redundant double negation                                                  no-extra-boolean-cast
  14164:9   warning  Redundant double negation                                                  no-extra-boolean-cast
  14167:9   warning  Redundant double negation                                                  no-extra-boolean-cast
  14339:9   warning  Redundant double negation                                                  no-extra-boolean-cast
  14426:9   warning  Redundant double negation                                                  no-extra-boolean-cast
  14461:9   warning  Redundant double negation                                                  no-extra-boolean-cast
  14808:11  warning  Expected a conditional expression and instead saw an assignment            no-cond-assign
  15379:9   warning  Redundant double negation                                                  no-extra-boolean-cast
  15392:9   warning  Redundant double negation                                                  no-extra-boolean-cast
  15421:9   warning  Redundant double negation                                                  no-extra-boolean-cast
  15451:9   warning  Redundant double negation                                                  no-extra-boolean-cast
  15870:34  warning  'd' is assigned a value but never used                                     no-unused-vars
  16029:11  warning  'n' is defined but never used                                              no-unused-vars
  16030:14  warning  'r' is defined but never used                                              no-unused-vars
  16075:18  warning  't' is defined but never used                                              no-unused-vars
  16112:27  warning  'i' is defined but never used                                              no-unused-vars
  16174:27  warning  'i' is defined but never used                                              no-unused-vars
  16353:24  warning  'r' is defined but never used                                              no-unused-vars
  16353:27  warning  'i' is defined but never used                                              no-unused-vars
  16370:27  warning  'i' is defined but never used                                              no-unused-vars
  16391:58  warning  'webkitIndexedDB' is not defined                                           no-undef
  16392:55  warning  'mozIndexedDB' is not defined                                              no-undef
  16393:53  warning  'OIndexedDB' is not defined                                                no-undef
  16394:54  warning  'msIndexedDB' is not defined                                               no-undef
  16429:27  warning  'BlobBuilder' is not defined                                               no-undef
  16431:27  warning  'MSBlobBuilder' is not defined                                             no-undef
  16433:27  warning  'MozBlobBuilder' is not defined                                            no-undef
  16434:27  warning  'WebKitBlobBuilder' is not defined                                         no-undef
  17018:27  warning  Redundant double negation                                                  no-extra-boolean-cast
  17957:23  warning  Do not access Object.prototype method 'hasOwnProperty' from target object  no-prototype-builtins
  17968:28  warning  Do not access Object.prototype method 'hasOwnProperty' from target object  no-prototype-builtins
  18258:13  warning  Redundant double negation                                                  no-extra-boolean-cast
  18379:22  warning  'n' is already defined                                                     no-redeclare
  18385:19  warning  't' is defined but never used                                              no-unused-vars
  18844:22  warning  'n' is already defined                                                     no-redeclare
  18970:26  warning  'w' is assigned a value but never used                                     no-unused-vars
  19101:25  warning  'r' is assigned a value but never used                                     no-unused-vars
  19102:28  warning  'i' is assigned a value but never used                                     no-unused-vars
  19103:29  warning  'o' is assigned a value but never used                                     no-unused-vars
  19448:14  warning  't' is defined but never used                                              no-unused-vars
  19495:28  warning  't' is defined but never used                                              no-unused-vars
  19516:20  warning  't' is defined but never used                                              no-unused-vars
  19546:24  warning  'n' is defined but never used                                              no-unused-vars
  19546:27  warning  'r' is defined but never used                                              no-unused-vars
  19578:24  warning  'n' is defined but never used                                              no-unused-vars
  19578:27  warning  'r' is defined but never used                                              no-unused-vars
  19794:20  warning  'n' is defined but never used                                              no-unused-vars
  19804:9   warning  'S' is assigned a value but never used                                     no-unused-vars
  19805:9   warning  'C' is assigned a value but never used                                     no-unused-vars
  19839:25  warning  'Se' is assigned a value but never used                                    no-unused-vars
  20309:18  warning  'r' is defined but never used                                              no-unused-vars
  20355:11  warning  Unsafe usage of ReturnStatement                                            no-unsafe-finally
  20357:16  warning  Unsafe usage of ThrowStatement                                             no-unsafe-finally
  20369:7   warning  Redundant double negation                                                  no-extra-boolean-cast
  20390:6   warning  'Nr' is a function                                                         no-func-assign
  21153:18  warning  't' is defined but never used                                              no-unused-vars
  21154:13  warning  'e' is defined but never used                                              no-unused-vars
  21154:16  warning  't' is defined but never used                                              no-unused-vars
  21155:13  warning  'e' is defined but never used                                              no-unused-vars
  21155:16  warning  't' is defined but never used                                              no-unused-vars
  21763:51  warning  'c' is defined but never used                                              no-unused-vars

✖ 193 problems (0 errors, 193 warnings)
  0 errors and 16 warnings potentially fixable with the `--fix` option.

